c:\su\cse687\code\templates\max\debug\max.obj
c:\su\cse687\code\templates\max\debug\vc100.pdb
c:\su\cse687\code\templates\max\debug\max.ilk
c:\su\cse687\code\templates\max\debug\max.exe
c:\su\cse687\code\templates\max\debug\max.exe.intermediate.manifest
c:\su\cse687\code\templates\max\debug\max.pdb
y:\documents\visual studio 2015\projects\templates\max\debug\vc140.pdb
y:\documents\visual studio 2015\projects\templates\max\debug\vc140.idb
y:\documents\visual studio 2015\projects\templates\max\debug\max.obj
y:\documents\visual studio 2015\projects\templates\max\debug\cl.command.1.tlog
y:\documents\visual studio 2015\projects\templates\max\debug\cl.read.1.tlog
y:\documents\visual studio 2015\projects\templates\max\debug\cl.write.1.tlog
y:\documents\visual studio 2015\projects\templates\max\debug\link.command.1.tlog
y:\documents\visual studio 2015\projects\templates\max\debug\link.read.1.tlog
y:\documents\visual studio 2015\projects\templates\max\debug\link.write.1.tlog
y:\documents\visual studio 2015\projects\templates\max\debug\mt.command.1.tlog
y:\documents\visual studio 2015\projects\templates\max\debug\mt.read.1.tlog
y:\documents\visual studio 2015\projects\templates\max\debug\mt.write.1.tlog
y:\documents\visual studio 2015\projects\templates\max\debug\max.exe.intermediate.manifest
y:\documents\visual studio 2015\projects\templates\max\debug\vc100.idb
y:\documents\visual studio 2015\projects\templates\max\debug\max.pdb
y:\documents\visual studio 2015\projects\templates\max\debug\vc100.pdb
y:\documents\visual studio 2015\projects\templates\max\.\debug\max.exe.intermediate.manifest
y:\documents\visual studio 2015\projects\templates\max\debug\max.tlog\cl.command.1.tlog
y:\documents\visual studio 2015\projects\templates\max\debug\max.tlog\cl.read.1.tlog
y:\documents\visual studio 2015\projects\templates\max\debug\max.tlog\cl.write.1.tlog
y:\documents\visual studio 2015\projects\templates\max\debug\max.tlog\link-cvtres.read.1.tlog
y:\documents\visual studio 2015\projects\templates\max\debug\max.tlog\link-cvtres.write.1.tlog
y:\documents\visual studio 2015\projects\templates\max\debug\max.tlog\link-rc.read.1.tlog
y:\documents\visual studio 2015\projects\templates\max\debug\max.tlog\link-rc.write.1.tlog
y:\documents\visual studio 2015\projects\templates\max\debug\max.tlog\link.command.1.tlog
y:\documents\visual studio 2015\projects\templates\max\debug\max.tlog\link.read.1.tlog
y:\documents\visual studio 2015\projects\templates\max\debug\max.tlog\link.write.1.tlog
