C:\SU\CSE687\CODE\PROGTOINTERFACE\CLIENT\DEBUG\CLIENT.OBJ
C:\SU\CSE687\CODE\PROGTOINTERFACE\CLIENT\DEBUG\VC110.PDB
C:\SU\CSE687\CODE\PROGTOINTERFACE\DEBUG\CLIENT.ILK
C:\SU\CSE687\CODE\PROGTOINTERFACE\DEBUG\CLIENT.EXE
C:\SU\CSE687\CODE\PROGTOINTERFACE\DEBUG\CLIENT.PDB
C:\su\cse687\code\progToInterface\Client\Debug\client.vcxprojResolveAssemblyReference.cache
C:\su\cse687\code\progToInterface\Client\Debug\client.obj
C:\su\cse687\code\progToInterface\Client\Debug\cl.command.1.tlog
C:\su\cse687\code\progToInterface\Client\Debug\CL.read.1.tlog
C:\su\cse687\code\progToInterface\Client\Debug\CL.write.1.tlog
C:\su\cse687\code\progToInterface\Client\Debug\link.8936-cvtres.read.1.tlog
C:\su\cse687\code\progToInterface\Client\Debug\link.8936-cvtres.write.1.tlog
C:\su\cse687\code\progToInterface\Client\Debug\link.8936-rc.read.1.tlog
C:\su\cse687\code\progToInterface\Client\Debug\link.8936-rc.write.1.tlog
C:\su\cse687\code\progToInterface\Client\Debug\link.8936.read.1.tlog
C:\su\cse687\code\progToInterface\Client\Debug\link.8936.write.1.tlog
C:\su\cse687\code\progToInterface\Client\Debug\link.command.1.tlog
C:\su\cse687\code\progToInterface\Client\Debug\link.read.1.tlog
C:\su\cse687\code\progToInterface\Client\Debug\link.write.1.tlog
C:\su\cse687\code\progToInterface\Client\Debug\metagen.read.1.tlog
C:\su\cse687\code\progToInterface\Client\Debug\metagen.write.1.tlog
C:\su\cse687\code\progToInterface\Client\Debug\vc110.pdb
C:\su\cse687\code\progToInterface\Client\Debug\RSAENH.DLL.bi
C:\su\cse687\code\progToInterface\Client\Debug\TZRES.DLL.bi
C:\su\cse687\code\progToInterface\Debug\client.pdb
C:\su\cse687\code\progToInterface\Debug\client.exe
C:\su\cse687\code\progToInterface\Debug\client.ilk
