C:\SU\CSE687\CODE\FACTORYFORABSTRACTPRODUCT\ABSTRACTPRODUCT\DEBUG\FACTORY.OBJ
C:\SU\CSE687\CODE\FACTORYFORABSTRACTPRODUCT\ABSTRACTPRODUCT\DEBUG\CONCRETEPRODUCTS.OBJ
C:\SU\CSE687\CODE\FACTORYFORABSTRACTPRODUCT\ABSTRACTPRODUCT\DEBUG\CLIENT.OBJ
C:\SU\CSE687\CODE\FACTORYFORABSTRACTPRODUCT\ABSTRACTPRODUCT\DEBUG\VC110.PDB
C:\SU\CSE687\CODE\FACTORYFORABSTRACTPRODUCT\DEBUG\ABSTRACTPRODUCT.ILK
C:\SU\CSE687\CODE\FACTORYFORABSTRACTPRODUCT\DEBUG\ABSTRACTPRODUCT.EXE
C:\SU\CSE687\CODE\FACTORYFORABSTRACTPRODUCT\DEBUG\ABSTRACTPRODUCT.PDB
C:\su\cse687\code\FactoryForAbstractProduct\abstractProduct\Debug\abstractProduct.vcxprojResolveAssemblyReference.cache
C:\su\cse687\code\FactoryForAbstractProduct\abstractProduct\Debug\client.obj
C:\su\cse687\code\FactoryForAbstractProduct\abstractProduct\Debug\ConcreteProducts.obj
C:\su\cse687\code\FactoryForAbstractProduct\abstractProduct\Debug\Factory.obj
C:\su\cse687\code\FactoryForAbstractProduct\abstractProduct\Debug\cl.command.1.tlog
C:\su\cse687\code\FactoryForAbstractProduct\abstractProduct\Debug\CL.read.1.tlog
C:\su\cse687\code\FactoryForAbstractProduct\abstractProduct\Debug\CL.write.1.tlog
C:\su\cse687\code\FactoryForAbstractProduct\abstractProduct\Debug\link.4656-cvtres.read.1.tlog
C:\su\cse687\code\FactoryForAbstractProduct\abstractProduct\Debug\link.4656-cvtres.write.1.tlog
C:\su\cse687\code\FactoryForAbstractProduct\abstractProduct\Debug\link.4656-rc.read.1.tlog
C:\su\cse687\code\FactoryForAbstractProduct\abstractProduct\Debug\link.4656-rc.write.1.tlog
C:\su\cse687\code\FactoryForAbstractProduct\abstractProduct\Debug\link.4656.read.1.tlog
C:\su\cse687\code\FactoryForAbstractProduct\abstractProduct\Debug\link.4656.write.1.tlog
C:\su\cse687\code\FactoryForAbstractProduct\abstractProduct\Debug\link.command.1.tlog
C:\su\cse687\code\FactoryForAbstractProduct\abstractProduct\Debug\link.read.1.tlog
C:\su\cse687\code\FactoryForAbstractProduct\abstractProduct\Debug\link.write.1.tlog
C:\su\cse687\code\FactoryForAbstractProduct\abstractProduct\Debug\metagen.read.1.tlog
C:\su\cse687\code\FactoryForAbstractProduct\abstractProduct\Debug\metagen.write.1.tlog
C:\su\cse687\code\FactoryForAbstractProduct\abstractProduct\Debug\vc110.pdb
C:\su\cse687\code\FactoryForAbstractProduct\Debug\abstractProduct.pdb
C:\su\cse687\code\FactoryForAbstractProduct\Debug\abstractProduct.exe
C:\su\cse687\code\FactoryForAbstractProduct\Debug\abstractProduct.ilk
