C:\su\CSE687\code\hiding\hiding1\Debug\cl.command.1.tlog
C:\su\CSE687\code\hiding\hiding1\Debug\CL.read.1.tlog
C:\su\CSE687\code\hiding\hiding1\Debug\CL.write.1.tlog
C:\SU\CSE687\CODE\HIDING\HIDING1\DEBUG\HIDING1.EXE
C:\SU\CSE687\CODE\HIDING\HIDING1\DEBUG\HIDING1.EXE.EMBED.MANIFEST
C:\SU\CSE687\CODE\HIDING\HIDING1\DEBUG\HIDING1.EXE.EMBED.MANIFEST.RES
C:\SU\CSE687\CODE\HIDING\HIDING1\DEBUG\HIDING1.EXE.INTERMEDIATE.MANIFEST
C:\SU\CSE687\CODE\HIDING\HIDING1\DEBUG\HIDING1.ILK
C:\SU\CSE687\CODE\HIDING\HIDING1\DEBUG\HIDING1.OBJ
C:\SU\CSE687\CODE\HIDING\HIDING1\DEBUG\HIDING1.PDB
C:\su\CSE687\code\hiding\hiding1\Debug\hiding1_manifest.rc
C:\su\CSE687\code\hiding\hiding1\Debug\link.8952.read.1.tlog
C:\su\CSE687\code\hiding\hiding1\Debug\link.8952.write.1.tlog
C:\su\CSE687\code\hiding\hiding1\Debug\link.8952-cvtres.read.1.tlog
C:\su\CSE687\code\hiding\hiding1\Debug\link.8952-cvtres.write.1.tlog
C:\su\CSE687\code\hiding\hiding1\Debug\link.command.1.tlog
C:\su\CSE687\code\hiding\hiding1\Debug\link.read.1.tlog
C:\su\CSE687\code\hiding\hiding1\Debug\link.write.1.tlog
C:\su\CSE687\code\hiding\hiding1\Debug\link-cvtres.read.1.tlog
C:\su\CSE687\code\hiding\hiding1\Debug\link-cvtres.write.1.tlog
C:\su\CSE687\code\hiding\hiding1\Debug\mt.command.1.tlog
C:\su\CSE687\code\hiding\hiding1\Debug\mt.read.1.tlog
C:\su\CSE687\code\hiding\hiding1\Debug\mt.write.1.tlog
C:\su\CSE687\code\hiding\hiding1\Debug\rc.command.1.tlog
C:\su\CSE687\code\hiding\hiding1\Debug\rc.read.1.tlog
C:\su\CSE687\code\hiding\hiding1\Debug\rc.write.1.tlog
C:\su\CSE687\code\hiding\hiding1\Debug\vc100.idb
C:\SU\CSE687\CODE\HIDING\HIDING1\DEBUG\VC100.PDB
Debug\hiding1.ilk
Debug\hiding1.pdb
