C:\SU\CSE687\CODE\NONVIRTUALINTERFACES\NVI\DEBUG\NONVIRTUALINTERFACE.OBJ
C:\SU\CSE687\CODE\NONVIRTUALINTERFACES\NVI\DEBUG\VC110.PDB
C:\SU\CSE687\CODE\NONVIRTUALINTERFACES\NVI\DEBUG\NVI.ILK
C:\SU\CSE687\CODE\NONVIRTUALINTERFACES\NVI\DEBUG\NVI.EXE
C:\SU\CSE687\CODE\NONVIRTUALINTERFACES\NVI\DEBUG\NVI.PDB
C:\su\cse687\code\NonVirtualInterfaces\NVI\Debug\NVI.vcxprojResolveAssemblyReference.cache
C:\su\cse687\code\NonVirtualInterfaces\NVI\Debug\nonVirtualInterface.obj
C:\su\cse687\code\NonVirtualInterfaces\NVI\Debug\NVI.ilk
C:\su\cse687\code\NonVirtualInterfaces\NVI\Debug\cl.command.1.tlog
C:\su\cse687\code\NonVirtualInterfaces\NVI\Debug\CL.read.1.tlog
C:\su\cse687\code\NonVirtualInterfaces\NVI\Debug\CL.write.1.tlog
C:\su\cse687\code\NonVirtualInterfaces\NVI\Debug\link.2204-cvtres.read.1.tlog
C:\su\cse687\code\NonVirtualInterfaces\NVI\Debug\link.2204-cvtres.write.1.tlog
C:\su\cse687\code\NonVirtualInterfaces\NVI\Debug\link.2204-rc.read.1.tlog
C:\su\cse687\code\NonVirtualInterfaces\NVI\Debug\link.2204-rc.write.1.tlog
C:\su\cse687\code\NonVirtualInterfaces\NVI\Debug\link.2204.read.1.tlog
C:\su\cse687\code\NonVirtualInterfaces\NVI\Debug\link.2204.write.1.tlog
C:\su\cse687\code\NonVirtualInterfaces\NVI\Debug\link.command.1.tlog
C:\su\cse687\code\NonVirtualInterfaces\NVI\Debug\link.read.1.tlog
C:\su\cse687\code\NonVirtualInterfaces\NVI\Debug\link.write.1.tlog
C:\su\cse687\code\NonVirtualInterfaces\NVI\Debug\metagen.read.1.tlog
C:\su\cse687\code\NonVirtualInterfaces\NVI\Debug\metagen.write.1.tlog
C:\su\cse687\code\NonVirtualInterfaces\NVI\Debug\NVI.pdb
C:\su\cse687\code\NonVirtualInterfaces\NVI\Debug\vc110.pdb
C:\su\cse687\code\NonVirtualInterfaces\NVI\Debug\NVI.exe.metagen
C:\su\cse687\code\NonVirtualInterfaces\NVI\Debug\RSAENH.DLL.bi
C:\su\cse687\code\NonVirtualInterfaces\NVI\Debug\TZRES.DLL.bi
C:\su\cse687\code\NonVirtualInterfaces\NVI\.\debug\NVI.exe
