2003.01.25 21:34 B C:\SU\CSE687\Code\iostreams\old iostreams\ACCESS.CPP --> ftp.ecs.syr.edu /faculty/fawcett/handouts/CSE687/code/iostreams/old iostreams ACCESS.CPP
2003.01.25 21:34 B C:\SU\CSE687\Code\iostreams\old iostreams\FF --> ftp.ecs.syr.edu /faculty/fawcett/handouts/CSE687/code/iostreams/old iostreams FF
2003.01.25 21:34 B C:\SU\CSE687\Code\iostreams\old iostreams\FILEBUF.CPP --> ftp.ecs.syr.edu /faculty/fawcett/handouts/CSE687/code/iostreams/old iostreams FILEBUF.CPP
2003.01.25 21:34 B C:\SU\CSE687\Code\iostreams\old iostreams\FILEBUF.DAT --> ftp.ecs.syr.edu /faculty/fawcett/handouts/CSE687/code/iostreams/old iostreams FILEBUF.DAT
2003.01.25 21:34 B C:\SU\CSE687\Code\iostreams\old iostreams\FILEBUF.EXE --> ftp.ecs.syr.edu /faculty/fawcett/handouts/CSE687/code/iostreams/old iostreams FILEBUF.EXE
2003.01.25 21:34 B C:\SU\CSE687\Code\iostreams\old iostreams\FILEBUF.PRN --> ftp.ecs.syr.edu /faculty/fawcett/handouts/CSE687/code/iostreams/old iostreams FILEBUF.PRN
2003.01.25 21:34 B C:\SU\CSE687\Code\iostreams\old iostreams\FILEIO.CPP --> ftp.ecs.syr.edu /faculty/fawcett/handouts/CSE687/code/iostreams/old iostreams FILEIO.CPP
2003.01.25 21:34 B C:\SU\CSE687\Code\iostreams\old iostreams\FILEIO.DAT --> ftp.ecs.syr.edu /faculty/fawcett/handouts/CSE687/code/iostreams/old iostreams FILEIO.DAT
2003.01.25 21:34 B C:\SU\CSE687\Code\iostreams\old iostreams\FILEIO.EXE --> ftp.ecs.syr.edu /faculty/fawcett/handouts/CSE687/code/iostreams/old iostreams FILEIO.EXE
2003.01.25 21:34 B C:\SU\CSE687\Code\iostreams\old iostreams\FILEIO.PRN --> ftp.ecs.syr.edu /faculty/fawcett/handouts/CSE687/code/iostreams/old iostreams FILEIO.PRN
2003.01.25 21:34 B C:\SU\CSE687\Code\iostreams\old iostreams\FORMATS.CPP --> ftp.ecs.syr.edu /faculty/fawcett/handouts/CSE687/code/iostreams/old iostreams FORMATS.CPP
2003.01.25 21:34 B C:\SU\CSE687\Code\iostreams\old iostreams\FORMATS.DAT --> ftp.ecs.syr.edu /faculty/fawcett/handouts/CSE687/code/iostreams/old iostreams FORMATS.DAT
2003.01.25 21:34 B C:\SU\CSE687\Code\iostreams\old iostreams\FORMATS.EXE --> ftp.ecs.syr.edu /faculty/fawcett/handouts/CSE687/code/iostreams/old iostreams FORMATS.EXE
2003.01.25 21:34 B C:\SU\CSE687\Code\iostreams\old iostreams\FORMATS.PRN --> ftp.ecs.syr.edu /faculty/fawcett/handouts/CSE687/code/iostreams/old iostreams FORMATS.PRN
2003.01.25 21:34 B C:\SU\CSE687\Code\iostreams\old iostreams\FSTREAM.TXT --> ftp.ecs.syr.edu /faculty/fawcett/handouts/CSE687/code/iostreams/old iostreams FSTREAM.TXT
2003.01.25 21:34 B C:\SU\CSE687\Code\iostreams\old iostreams\IOMANIP.TXT --> ftp.ecs.syr.edu /faculty/fawcett/handouts/CSE687/code/iostreams/old iostreams IOMANIP.TXT
2003.01.25 21:34 B C:\SU\CSE687\Code\iostreams\old iostreams\IOS1.VSD --> ftp.ecs.syr.edu /faculty/fawcett/handouts/CSE687/code/iostreams/old iostreams IOS1.VSD
2003.01.25 21:34 B C:\SU\CSE687\Code\iostreams\old iostreams\IOS2.VSD --> ftp.ecs.syr.edu /faculty/fawcett/handouts/CSE687/code/iostreams/old iostreams IOS2.VSD
2003.01.25 21:34 B C:\SU\CSE687\Code\iostreams\old iostreams\IOS3.VSD --> ftp.ecs.syr.edu /faculty/fawcett/handouts/CSE687/code/iostreams/old iostreams IOS3.VSD
2003.01.25 21:34 B C:\SU\CSE687\Code\iostreams\old iostreams\IOS4.VSD --> ftp.ecs.syr.edu /faculty/fawcett/handouts/CSE687/code/iostreams/old iostreams IOS4.VSD
2003.01.25 21:34 B C:\SU\CSE687\Code\iostreams\old iostreams\IOS5.VSD --> ftp.ecs.syr.edu /faculty/fawcett/handouts/CSE687/code/iostreams/old iostreams IOS5.VSD
2003.01.25 21:34 B C:\SU\CSE687\Code\iostreams\old iostreams\IOS6.VSD --> ftp.ecs.syr.edu /faculty/fawcett/handouts/CSE687/code/iostreams/old iostreams IOS6.VSD
2003.01.25 21:34 B C:\SU\CSE687\Code\iostreams\old iostreams\IOSHIER.vsd --> ftp.ecs.syr.edu /faculty/fawcett/handouts/CSE687/code/iostreams/old iostreams IOSHIER.vsd
2003.01.25 21:34 B C:\SU\CSE687\Code\iostreams\old iostreams\IOSTREAM.TXT --> ftp.ecs.syr.edu /faculty/fawcett/handouts/CSE687/code/iostreams/old iostreams IOSTREAM.TXT
2003.01.25 21:34 B C:\SU\CSE687\Code\iostreams\old iostreams\iostreams.dsp --> ftp.ecs.syr.edu /faculty/fawcett/handouts/CSE687/code/iostreams/old iostreams iostreams.dsp
2003.01.25 21:34 B C:\SU\CSE687\Code\iostreams\old iostreams\iostreams.dsw --> ftp.ecs.syr.edu /faculty/fawcett/handouts/CSE687/code/iostreams/old iostreams iostreams.dsw
2003.01.25 21:34 B C:\SU\CSE687\Code\iostreams\old iostreams\IOSTRM.DOC --> ftp.ecs.syr.edu /faculty/fawcett/handouts/CSE687/code/iostreams/old iostreams IOSTRM.DOC
2003.01.25 21:34 B C:\SU\CSE687\Code\iostreams\old iostreams\IOSTRM.ZIP --> ftp.ecs.syr.edu /faculty/fawcett/handouts/CSE687/code/iostreams/old iostreams IOSTRM.ZIP
2003.01.25 21:34 B C:\SU\CSE687\Code\iostreams\old iostreams\KEYIN.CPP --> ftp.ecs.syr.edu /faculty/fawcett/handouts/CSE687/code/iostreams/old iostreams KEYIN.CPP
2003.01.25 21:34 B C:\SU\CSE687\Code\iostreams\old iostreams\LINES --> ftp.ecs.syr.edu /faculty/fawcett/handouts/CSE687/code/iostreams/old iostreams LINES
2003.01.25 21:34 B C:\SU\CSE687\Code\iostreams\old iostreams\READWRIT.CPP --> ftp.ecs.syr.edu /faculty/fawcett/handouts/CSE687/code/iostreams/old iostreams READWRIT.CPP
2003.01.25 21:34 B C:\SU\CSE687\Code\iostreams\old iostreams\READWRIT.DAT --> ftp.ecs.syr.edu /faculty/fawcett/handouts/CSE687/code/iostreams/old iostreams READWRIT.DAT
2003.01.25 21:34 B C:\SU\CSE687\Code\iostreams\old iostreams\READWRIT.EXE --> ftp.ecs.syr.edu /faculty/fawcett/handouts/CSE687/code/iostreams/old iostreams READWRIT.EXE
2003.01.25 21:34 B C:\SU\CSE687\Code\iostreams\old iostreams\READWRIT.PRN --> ftp.ecs.syr.edu /faculty/fawcett/handouts/CSE687/code/iostreams/old iostreams READWRIT.PRN
2003.01.25 21:34 B C:\SU\CSE687\Code\iostreams\old iostreams\STRIO.CPP --> ftp.ecs.syr.edu /faculty/fawcett/handouts/CSE687/code/iostreams/old iostreams STRIO.CPP
2003.01.25 21:34 B C:\SU\CSE687\Code\iostreams\old iostreams\STRIO.DAT --> ftp.ecs.syr.edu /faculty/fawcett/handouts/CSE687/code/iostreams/old iostreams STRIO.DAT
2003.01.25 21:34 B C:\SU\CSE687\Code\iostreams\old iostreams\STRIO.EXE --> ftp.ecs.syr.edu /faculty/fawcett/handouts/CSE687/code/iostreams/old iostreams STRIO.EXE
2003.01.25 21:34 B C:\SU\CSE687\Code\iostreams\old iostreams\STRIO.PRN --> ftp.ecs.syr.edu /faculty/fawcett/handouts/CSE687/code/iostreams/old iostreams STRIO.PRN
2003.01.25 21:34 B C:\SU\CSE687\Code\iostreams\old iostreams\STRSTREA.TXT --> ftp.ecs.syr.edu /faculty/fawcett/handouts/CSE687/code/iostreams/old iostreams STRSTREA.TXT
2003.01.25 21:34 B C:\SU\CSE687\Code\iostreams\old iostreams\TEST.TXT --> ftp.ecs.syr.edu /faculty/fawcett/handouts/CSE687/code/iostreams/old iostreams TEST.TXT
2003.01.25 21:34 B C:\SU\CSE687\Code\iostreams\old iostreams\TMP.TMP --> ftp.ecs.syr.edu /faculty/fawcett/handouts/CSE687/code/iostreams/old iostreams TMP.TMP
2003.02.26 11:48 B C:\SU\CSE687\Code\iostreams\old iostreams\ACCESS.CPP --> ftp.ecs.syr.edu /faculty/fawcett/handouts/CSE687/code/iostreams/old iostreams ACCESS.CPP
2003.02.26 11:48 B C:\SU\CSE687\Code\iostreams\old iostreams\FF --> ftp.ecs.syr.edu /faculty/fawcett/handouts/CSE687/code/iostreams/old iostreams FF
2003.02.26 11:48 B C:\SU\CSE687\Code\iostreams\old iostreams\FILEBUF.CPP --> ftp.ecs.syr.edu /faculty/fawcett/handouts/CSE687/code/iostreams/old iostreams FILEBUF.CPP
2003.02.26 11:48 B C:\SU\CSE687\Code\iostreams\old iostreams\FILEBUF.DAT --> ftp.ecs.syr.edu /faculty/fawcett/handouts/CSE687/code/iostreams/old iostreams FILEBUF.DAT
2003.02.26 11:48 B C:\SU\CSE687\Code\iostreams\old iostreams\FILEBUF.EXE --> ftp.ecs.syr.edu /faculty/fawcett/handouts/CSE687/code/iostreams/old iostreams FILEBUF.EXE
2003.02.26 11:48 B C:\SU\CSE687\Code\iostreams\old iostreams\FILEBUF.PRN --> ftp.ecs.syr.edu /faculty/fawcett/handouts/CSE687/code/iostreams/old iostreams FILEBUF.PRN
2003.02.26 11:48 B C:\SU\CSE687\Code\iostreams\old iostreams\FILEIO.CPP --> ftp.ecs.syr.edu /faculty/fawcett/handouts/CSE687/code/iostreams/old iostreams FILEIO.CPP
2003.02.26 11:48 B C:\SU\CSE687\Code\iostreams\old iostreams\FILEIO.DAT --> ftp.ecs.syr.edu /faculty/fawcett/handouts/CSE687/code/iostreams/old iostreams FILEIO.DAT
2003.02.26 11:48 B C:\SU\CSE687\Code\iostreams\old iostreams\FILEIO.EXE --> ftp.ecs.syr.edu /faculty/fawcett/handouts/CSE687/code/iostreams/old iostreams FILEIO.EXE
2003.02.26 11:48 B C:\SU\CSE687\Code\iostreams\old iostreams\FILEIO.PRN --> ftp.ecs.syr.edu /faculty/fawcett/handouts/CSE687/code/iostreams/old iostreams FILEIO.PRN
2003.02.26 11:48 B C:\SU\CSE687\Code\iostreams\old iostreams\FORMATS.CPP --> ftp.ecs.syr.edu /faculty/fawcett/handouts/CSE687/code/iostreams/old iostreams FORMATS.CPP
2003.02.26 11:48 B C:\SU\CSE687\Code\iostreams\old iostreams\FORMATS.DAT --> ftp.ecs.syr.edu /faculty/fawcett/handouts/CSE687/code/iostreams/old iostreams FORMATS.DAT
2003.02.26 11:48 B C:\SU\CSE687\Code\iostreams\old iostreams\FORMATS.EXE --> ftp.ecs.syr.edu /faculty/fawcett/handouts/CSE687/code/iostreams/old iostreams FORMATS.EXE
2003.02.26 11:48 B C:\SU\CSE687\Code\iostreams\old iostreams\FORMATS.PRN --> ftp.ecs.syr.edu /faculty/fawcett/handouts/CSE687/code/iostreams/old iostreams FORMATS.PRN
2003.02.26 11:48 B C:\SU\CSE687\Code\iostreams\old iostreams\FSTREAM.TXT --> ftp.ecs.syr.edu /faculty/fawcett/handouts/CSE687/code/iostreams/old iostreams FSTREAM.TXT
2003.02.26 11:48 B C:\SU\CSE687\Code\iostreams\old iostreams\IOMANIP.TXT --> ftp.ecs.syr.edu /faculty/fawcett/handouts/CSE687/code/iostreams/old iostreams IOMANIP.TXT
2003.02.26 11:48 B C:\SU\CSE687\Code\iostreams\old iostreams\IOS1.VSD --> ftp.ecs.syr.edu /faculty/fawcett/handouts/CSE687/code/iostreams/old iostreams IOS1.VSD
2003.02.26 11:48 B C:\SU\CSE687\Code\iostreams\old iostreams\IOS2.VSD --> ftp.ecs.syr.edu /faculty/fawcett/handouts/CSE687/code/iostreams/old iostreams IOS2.VSD
2003.02.26 11:48 B C:\SU\CSE687\Code\iostreams\old iostreams\IOS3.VSD --> ftp.ecs.syr.edu /faculty/fawcett/handouts/CSE687/code/iostreams/old iostreams IOS3.VSD
2003.02.26 11:48 B C:\SU\CSE687\Code\iostreams\old iostreams\IOS4.VSD --> ftp.ecs.syr.edu /faculty/fawcett/handouts/CSE687/code/iostreams/old iostreams IOS4.VSD
2003.02.26 11:48 B C:\SU\CSE687\Code\iostreams\old iostreams\IOS5.VSD --> ftp.ecs.syr.edu /faculty/fawcett/handouts/CSE687/code/iostreams/old iostreams IOS5.VSD
2003.02.26 11:49 B C:\SU\CSE687\Code\iostreams\old iostreams\IOS6.VSD --> ftp.ecs.syr.edu /faculty/fawcett/handouts/CSE687/code/iostreams/old iostreams IOS6.VSD
2003.02.26 11:49 B C:\SU\CSE687\Code\iostreams\old iostreams\IOSHIER.vsd --> ftp.ecs.syr.edu /faculty/fawcett/handouts/CSE687/code/iostreams/old iostreams IOSHIER.vsd
2003.02.26 11:49 B C:\SU\CSE687\Code\iostreams\old iostreams\IOSTREAM.TXT --> ftp.ecs.syr.edu /faculty/fawcett/handouts/CSE687/code/iostreams/old iostreams IOSTREAM.TXT
2003.02.26 11:49 B C:\SU\CSE687\Code\iostreams\old iostreams\iostreams.dsp --> ftp.ecs.syr.edu /faculty/fawcett/handouts/CSE687/code/iostreams/old iostreams iostreams.dsp
2003.02.26 11:49 B C:\SU\CSE687\Code\iostreams\old iostreams\iostreams.dsw --> ftp.ecs.syr.edu /faculty/fawcett/handouts/CSE687/code/iostreams/old iostreams iostreams.dsw
2003.02.26 11:49 B C:\SU\CSE687\Code\iostreams\old iostreams\IOSTRM.DOC --> ftp.ecs.syr.edu /faculty/fawcett/handouts/CSE687/code/iostreams/old iostreams IOSTRM.DOC
2003.02.26 11:49 B C:\SU\CSE687\Code\iostreams\old iostreams\IOSTRM.ZIP --> ftp.ecs.syr.edu /faculty/fawcett/handouts/CSE687/code/iostreams/old iostreams IOSTRM.ZIP
2003.02.26 11:49 B C:\SU\CSE687\Code\iostreams\old iostreams\KEYIN.CPP --> ftp.ecs.syr.edu /faculty/fawcett/handouts/CSE687/code/iostreams/old iostreams KEYIN.CPP
2003.02.26 11:49 B C:\SU\CSE687\Code\iostreams\old iostreams\LINES --> ftp.ecs.syr.edu /faculty/fawcett/handouts/CSE687/code/iostreams/old iostreams LINES
2003.02.26 11:49 B C:\SU\CSE687\Code\iostreams\old iostreams\READWRIT.CPP --> ftp.ecs.syr.edu /faculty/fawcett/handouts/CSE687/code/iostreams/old iostreams READWRIT.CPP
2003.02.26 11:49 B C:\SU\CSE687\Code\iostreams\old iostreams\READWRIT.DAT --> ftp.ecs.syr.edu /faculty/fawcett/handouts/CSE687/code/iostreams/old iostreams READWRIT.DAT
2003.02.26 11:49 B C:\SU\CSE687\Code\iostreams\old iostreams\READWRIT.EXE --> ftp.ecs.syr.edu /faculty/fawcett/handouts/CSE687/code/iostreams/old iostreams READWRIT.EXE
2003.02.26 11:49 B C:\SU\CSE687\Code\iostreams\old iostreams\READWRIT.PRN --> ftp.ecs.syr.edu /faculty/fawcett/handouts/CSE687/code/iostreams/old iostreams READWRIT.PRN
2003.02.26 11:49 B C:\SU\CSE687\Code\iostreams\old iostreams\STRIO.CPP --> ftp.ecs.syr.edu /faculty/fawcett/handouts/CSE687/code/iostreams/old iostreams STRIO.CPP
2003.02.26 11:49 B C:\SU\CSE687\Code\iostreams\old iostreams\STRIO.DAT --> ftp.ecs.syr.edu /faculty/fawcett/handouts/CSE687/code/iostreams/old iostreams STRIO.DAT
2003.02.26 11:49 B C:\SU\CSE687\Code\iostreams\old iostreams\STRIO.EXE --> ftp.ecs.syr.edu /faculty/fawcett/handouts/CSE687/code/iostreams/old iostreams STRIO.EXE
2003.02.26 11:49 B C:\SU\CSE687\Code\iostreams\old iostreams\STRIO.PRN --> ftp.ecs.syr.edu /faculty/fawcett/handouts/CSE687/code/iostreams/old iostreams STRIO.PRN
2003.02.26 11:49 B C:\SU\CSE687\Code\iostreams\old iostreams\STRSTREA.TXT --> ftp.ecs.syr.edu /faculty/fawcett/handouts/CSE687/code/iostreams/old iostreams STRSTREA.TXT
2003.02.26 11:49 B C:\SU\CSE687\Code\iostreams\old iostreams\TEST.TXT --> ftp.ecs.syr.edu /faculty/fawcett/handouts/CSE687/code/iostreams/old iostreams TEST.TXT
2003.02.26 11:49 B C:\SU\CSE687\Code\iostreams\old iostreams\TMP.TMP --> ftp.ecs.syr.edu /faculty/fawcett/handouts/CSE687/code/iostreams/old iostreams TMP.TMP
2003.02.26 11:49 B C:\SU\CSE687\Code\iostreams\old iostreams\WS_FTP.LOG --> ftp.ecs.syr.edu /faculty/fawcett/handouts/CSE687/code/iostreams/old iostreams WS_FTP.LOG
2004.03.01 10:33 B C:\SU\CSE687\Code\iostreams\old iostreams\ACCESS.CPP --> ftp.ecs.syr.edu /faculty/fawcett/handouts/CSE687/code/iostreams/old iostreams ACCESS.CPP
2004.03.01 10:33 B C:\SU\CSE687\Code\iostreams\old iostreams\FF --> ftp.ecs.syr.edu /faculty/fawcett/handouts/CSE687/code/iostreams/old iostreams FF
2004.03.01 10:33 B C:\SU\CSE687\Code\iostreams\old iostreams\FILEBUF.CPP --> ftp.ecs.syr.edu /faculty/fawcett/handouts/CSE687/code/iostreams/old iostreams FILEBUF.CPP
2004.03.01 10:33 B C:\SU\CSE687\Code\iostreams\old iostreams\FILEBUF.DAT --> ftp.ecs.syr.edu /faculty/fawcett/handouts/CSE687/code/iostreams/old iostreams FILEBUF.DAT
2004.03.01 10:33 B C:\SU\CSE687\Code\iostreams\old iostreams\FILEBUF.EXE --> ftp.ecs.syr.edu /faculty/fawcett/handouts/CSE687/code/iostreams/old iostreams FILEBUF.EXE
2004.03.01 10:33 B C:\SU\CSE687\Code\iostreams\old iostreams\FILEBUF.PRN --> ftp.ecs.syr.edu /faculty/fawcett/handouts/CSE687/code/iostreams/old iostreams FILEBUF.PRN
2004.03.01 10:33 B C:\SU\CSE687\Code\iostreams\old iostreams\FILEIO.CPP --> ftp.ecs.syr.edu /faculty/fawcett/handouts/CSE687/code/iostreams/old iostreams FILEIO.CPP
2004.03.01 10:33 B C:\SU\CSE687\Code\iostreams\old iostreams\FILEIO.DAT --> ftp.ecs.syr.edu /faculty/fawcett/handouts/CSE687/code/iostreams/old iostreams FILEIO.DAT
2004.03.01 10:33 B C:\SU\CSE687\Code\iostreams\old iostreams\FILEIO.EXE --> ftp.ecs.syr.edu /faculty/fawcett/handouts/CSE687/code/iostreams/old iostreams FILEIO.EXE
2004.03.01 10:33 B C:\SU\CSE687\Code\iostreams\old iostreams\FILEIO.PRN --> ftp.ecs.syr.edu /faculty/fawcett/handouts/CSE687/code/iostreams/old iostreams FILEIO.PRN
2004.03.01 10:33 B C:\SU\CSE687\Code\iostreams\old iostreams\FORMATS.CPP --> ftp.ecs.syr.edu /faculty/fawcett/handouts/CSE687/code/iostreams/old iostreams FORMATS.CPP
2004.03.01 10:33 B C:\SU\CSE687\Code\iostreams\old iostreams\FORMATS.DAT --> ftp.ecs.syr.edu /faculty/fawcett/handouts/CSE687/code/iostreams/old iostreams FORMATS.DAT
2004.03.01 10:33 B C:\SU\CSE687\Code\iostreams\old iostreams\FORMATS.EXE --> ftp.ecs.syr.edu /faculty/fawcett/handouts/CSE687/code/iostreams/old iostreams FORMATS.EXE
2004.03.01 10:33 B C:\SU\CSE687\Code\iostreams\old iostreams\FORMATS.PRN --> ftp.ecs.syr.edu /faculty/fawcett/handouts/CSE687/code/iostreams/old iostreams FORMATS.PRN
2004.03.01 10:33 B C:\SU\CSE687\Code\iostreams\old iostreams\FSTREAM.TXT --> ftp.ecs.syr.edu /faculty/fawcett/handouts/CSE687/code/iostreams/old iostreams FSTREAM.TXT
2004.03.01 10:33 B C:\SU\CSE687\Code\iostreams\old iostreams\IOMANIP.TXT --> ftp.ecs.syr.edu /faculty/fawcett/handouts/CSE687/code/iostreams/old iostreams IOMANIP.TXT
2004.03.01 10:33 B C:\SU\CSE687\Code\iostreams\old iostreams\IOS1.VSD --> ftp.ecs.syr.edu /faculty/fawcett/handouts/CSE687/code/iostreams/old iostreams IOS1.VSD
2004.03.01 10:33 B C:\SU\CSE687\Code\iostreams\old iostreams\IOS2.VSD --> ftp.ecs.syr.edu /faculty/fawcett/handouts/CSE687/code/iostreams/old iostreams IOS2.VSD
2004.03.01 10:33 B C:\SU\CSE687\Code\iostreams\old iostreams\IOS3.VSD --> ftp.ecs.syr.edu /faculty/fawcett/handouts/CSE687/code/iostreams/old iostreams IOS3.VSD
2004.03.01 10:33 B C:\SU\CSE687\Code\iostreams\old iostreams\IOS4.VSD --> ftp.ecs.syr.edu /faculty/fawcett/handouts/CSE687/code/iostreams/old iostreams IOS4.VSD
2004.03.01 10:33 B C:\SU\CSE687\Code\iostreams\old iostreams\IOS5.VSD --> ftp.ecs.syr.edu /faculty/fawcett/handouts/CSE687/code/iostreams/old iostreams IOS5.VSD
2004.03.01 10:33 B C:\SU\CSE687\Code\iostreams\old iostreams\IOS6.VSD --> ftp.ecs.syr.edu /faculty/fawcett/handouts/CSE687/code/iostreams/old iostreams IOS6.VSD
2004.03.01 10:33 B C:\SU\CSE687\Code\iostreams\old iostreams\IOSHIER.vsd --> ftp.ecs.syr.edu /faculty/fawcett/handouts/CSE687/code/iostreams/old iostreams IOSHIER.vsd
2004.03.01 10:33 B C:\SU\CSE687\Code\iostreams\old iostreams\IOSTREAM.TXT --> ftp.ecs.syr.edu /faculty/fawcett/handouts/CSE687/code/iostreams/old iostreams IOSTREAM.TXT
2004.03.01 10:33 B C:\SU\CSE687\Code\iostreams\old iostreams\iostreams.dsp --> ftp.ecs.syr.edu /faculty/fawcett/handouts/CSE687/code/iostreams/old iostreams iostreams.dsp
2004.03.01 10:33 B C:\SU\CSE687\Code\iostreams\old iostreams\iostreams.dsw --> ftp.ecs.syr.edu /faculty/fawcett/handouts/CSE687/code/iostreams/old iostreams iostreams.dsw
2004.03.01 10:33 B C:\SU\CSE687\Code\iostreams\old iostreams\IOSTRM.DOC --> ftp.ecs.syr.edu /faculty/fawcett/handouts/CSE687/code/iostreams/old iostreams IOSTRM.DOC
2004.03.01 10:33 B C:\SU\CSE687\Code\iostreams\old iostreams\IOSTRM.ZIP --> ftp.ecs.syr.edu /faculty/fawcett/handouts/CSE687/code/iostreams/old iostreams IOSTRM.ZIP
2004.03.01 10:33 B C:\SU\CSE687\Code\iostreams\old iostreams\KEYIN.CPP --> ftp.ecs.syr.edu /faculty/fawcett/handouts/CSE687/code/iostreams/old iostreams KEYIN.CPP
2004.03.01 10:33 B C:\SU\CSE687\Code\iostreams\old iostreams\LINES --> ftp.ecs.syr.edu /faculty/fawcett/handouts/CSE687/code/iostreams/old iostreams LINES
2004.03.01 10:33 B C:\SU\CSE687\Code\iostreams\old iostreams\READWRIT.CPP --> ftp.ecs.syr.edu /faculty/fawcett/handouts/CSE687/code/iostreams/old iostreams READWRIT.CPP
2004.03.01 10:33 B C:\SU\CSE687\Code\iostreams\old iostreams\READWRIT.DAT --> ftp.ecs.syr.edu /faculty/fawcett/handouts/CSE687/code/iostreams/old iostreams READWRIT.DAT
2004.03.01 10:33 B C:\SU\CSE687\Code\iostreams\old iostreams\READWRIT.EXE --> ftp.ecs.syr.edu /faculty/fawcett/handouts/CSE687/code/iostreams/old iostreams READWRIT.EXE
2004.03.01 10:33 B C:\SU\CSE687\Code\iostreams\old iostreams\READWRIT.PRN --> ftp.ecs.syr.edu /faculty/fawcett/handouts/CSE687/code/iostreams/old iostreams READWRIT.PRN
2004.03.01 10:33 B C:\SU\CSE687\Code\iostreams\old iostreams\STRIO.CPP --> ftp.ecs.syr.edu /faculty/fawcett/handouts/CSE687/code/iostreams/old iostreams STRIO.CPP
2004.03.01 10:33 B C:\SU\CSE687\Code\iostreams\old iostreams\STRIO.DAT --> ftp.ecs.syr.edu /faculty/fawcett/handouts/CSE687/code/iostreams/old iostreams STRIO.DAT
2004.03.01 10:33 B C:\SU\CSE687\Code\iostreams\old iostreams\STRIO.EXE --> ftp.ecs.syr.edu /faculty/fawcett/handouts/CSE687/code/iostreams/old iostreams STRIO.EXE
2004.03.01 10:33 B C:\SU\CSE687\Code\iostreams\old iostreams\STRIO.PRN --> ftp.ecs.syr.edu /faculty/fawcett/handouts/CSE687/code/iostreams/old iostreams STRIO.PRN
2004.03.01 10:33 B C:\SU\CSE687\Code\iostreams\old iostreams\STRSTREA.TXT --> ftp.ecs.syr.edu /faculty/fawcett/handouts/CSE687/code/iostreams/old iostreams STRSTREA.TXT
2004.03.01 10:33 B C:\SU\CSE687\Code\iostreams\old iostreams\TEST.TXT --> ftp.ecs.syr.edu /faculty/fawcett/handouts/CSE687/code/iostreams/old iostreams TEST.TXT
2004.03.01 10:33 B C:\SU\CSE687\Code\iostreams\old iostreams\TMP.TMP --> ftp.ecs.syr.edu /faculty/fawcett/handouts/CSE687/code/iostreams/old iostreams TMP.TMP
2004.03.01 10:33 B C:\SU\CSE687\Code\iostreams\old iostreams\WS_FTP.LOG --> ftp.ecs.syr.edu /faculty/fawcett/handouts/CSE687/code/iostreams/old iostreams WS_FTP.LOG
