C:\SU\CSE687\CODE\VIRTUALFUNCTIONS\BASICS\DEBUG\BASICS.EXE.EMBED.MANIFEST
C:\SU\CSE687\CODE\VIRTUALFUNCTIONS\BASICS\DEBUG\BASICS.EXE.EMBED.MANIFEST.RES
C:\SU\CSE687\CODE\VIRTUALFUNCTIONS\BASICS\DEBUG\BASICS.EXE.INTERMEDIATE.MANIFEST
C:\SU\CSE687\CODE\VIRTUALFUNCTIONS\BASICS\DEBUG\BASICS.OBJ
C:\su\CSE687\code\virtualFunctions\basics\Debug\basics_manifest.rc
C:\su\CSE687\code\virtualFunctions\basics\Debug\cl.command.1.tlog
C:\su\CSE687\code\virtualFunctions\basics\Debug\CL.read.1.tlog
C:\su\CSE687\code\virtualFunctions\basics\Debug\CL.write.1.tlog
C:\su\CSE687\code\virtualFunctions\basics\Debug\link.14276.read.1.tlog
C:\su\CSE687\code\virtualFunctions\basics\Debug\link.14276.write.1.tlog
C:\su\CSE687\code\virtualFunctions\basics\Debug\link.14276-cvtres.read.1.tlog
C:\su\CSE687\code\virtualFunctions\basics\Debug\link.14276-cvtres.write.1.tlog
C:\su\CSE687\code\virtualFunctions\basics\Debug\link.command.1.tlog
C:\su\CSE687\code\virtualFunctions\basics\Debug\link.read.1.tlog
C:\su\CSE687\code\virtualFunctions\basics\Debug\link.write.1.tlog
C:\su\CSE687\code\virtualFunctions\basics\Debug\link-cvtres.read.1.tlog
C:\su\CSE687\code\virtualFunctions\basics\Debug\link-cvtres.write.1.tlog
C:\su\CSE687\code\virtualFunctions\basics\Debug\mt.command.1.tlog
C:\su\CSE687\code\virtualFunctions\basics\Debug\mt.read.1.tlog
C:\su\CSE687\code\virtualFunctions\basics\Debug\mt.write.1.tlog
C:\su\CSE687\code\virtualFunctions\basics\Debug\rc.command.1.tlog
C:\su\CSE687\code\virtualFunctions\basics\Debug\rc.read.1.tlog
C:\su\CSE687\code\virtualFunctions\basics\Debug\rc.write.1.tlog
C:\su\CSE687\code\virtualFunctions\basics\Debug\vc100.idb
C:\SU\CSE687\CODE\VIRTUALFUNCTIONS\BASICS\DEBUG\VC100.PDB
C:\SU\CSE687\CODE\VIRTUALFUNCTIONS\DEBUG\BASICS.EXE
C:\SU\CSE687\CODE\VIRTUALFUNCTIONS\DEBUG\BASICS.ILK
C:\SU\CSE687\CODE\VIRTUALFUNCTIONS\DEBUG\BASICS.PDB
